<?xml version="1.0" encoding="UTF-8"?>
<testsuite name="Se debe realizar el  registro" tests="1" skipped="0" failures="0" errors="0" timestamp="2020-11-16T23:44:50" hostname="FLIA_ROA" time="125.504">
  <properties/>
  <testcase name="Aplicar a un empleo" classname="Se debe realizar el  registro" time="125.504"/>
  <system-out><![CDATA[Característica: Se debe realizar el  registro
                  de aspirantes para los empleos disponibles

  Escenario: Aplicar a un empleo                                  ?[90m# src/test/resources/features/search/Form/Form.feature:5?[0m
18:44:50.954 [Test worker] INFO   - 
 _____ _____ ____ _____   ____ _____  _    ____ _____ _____ ____  
|_   _| ____/ ___|_   _| / ___|_   _|/ \  |  _ \_   _| ____|  _ \ 
  | | |  _| \___ \ | |   \___ \ | | / _ \ | |_) || | |  _| | | | |
  | | | |___ ___) || |    ___) || |/ ___ \|  _ < | | | |___| |_| |
  |_| |_____|____/ |_|   |____/ |_/_/   \_\_| \_\|_| |_____|____/ 

Aplicar a un empleo(se-debe-realizar-el--registro;aplicar-a-un-empleo)
-------------------------------------------------------------------
    ?[32mDado ?[0m?[32m?[0m?[32m?[1mJuan?[0m?[32m nuevo aspirante accede a la web de Empleados?[0m        ?[90m# FormStepdefinitions.que_un_nuevo_aspirante_accede_a_la_web_de_Empleados(String)?[0m
18:45:05.584 [Test worker] INFO  n.s.c.w.d.ProvideNewDriver - Instantiating driver
18:45:05.594 [Test worker] INFO  n.s.c.w.d.ProvideNewDriver - Driver capabilities: Capabilities {acceptInsecureCerts: false, browserName: chrome, chrome.switches: --start-maximized;--test-ty..., goog:chromeOptions: {args: [--start-maximized, --test-type, --no-sandbox, --ignore-certificate-errors;\n, --disable-popup-blocking, --disable-default-apps, --disable-extensions-file-a..., --incognito, --disable-infobars, --disable-gpu], extensions: []}, loggingPrefs: org.openqa.selenium.logging..., platform: ANY, version: }
    ?[32mCuando ?[0m?[32mel selecciona un empleo?[0m                                ?[90m# FormStepdefinitions.el_selecciona_un_empleo()?[0m
    ?[32mEntonces ?[0m?[32mel agrega datos personales al formulario y los envia?[0m ?[90m# FormStepdefinitions.el_agrega_datos_personales_al_formulario_y_los_envia()?[0m
]]></system-out>
  <system-err><![CDATA[nov. 16, 2020 6:45:00 P. M. org.openqa.selenium.remote.DesiredCapabilities chrome
INFORMACIÓN: Using `new ChromeOptions()` is preferred to `DesiredCapabilities.chrome()`
Starting ChromeDriver 86.0.4240.22 (398b0743353ff36fb1b82468f63a3a93b4e2e89e-refs/branch-heads/4240@{#378}) on port 2004
Only local connections are allowed.
Please see https://chromedriver.chromium.org/security-considerations for suggestions on keeping ChromeDriver safe.
ChromeDriver was started successfully.
nov. 16, 2020 6:45:21 P. M. org.openqa.selenium.remote.ProtocolHandshake createSession
INFORMACIÓN: Detected dialect: W3C
]]></system-err>
</testsuite>
